<?xml version="1.0" encoding="UTF-8"?>
<!-- Generated by org.testng.reporters.JUnitXMLReporter -->
<testsuite ignored="0" hostname="DESKTOP-QLJF0O1" failures="1" tests="3" name="Test" time="18.055" errors="0" timestamp="2024-01-25T10:35:25 IST">
  <testcase classname="Testng.TestCase" name="openapplication" time="11.526"/>
  <testcase classname="Testng.TestCase" name="login" time="3.269">
    <failure type="java.lang.AssertionError" message="expected [true] but found [false]">
      <![CDATA[java.lang.AssertionError: expected [true] but found [false]
at Testng.TestCase.login(TestCase.java:29)
at java.base/java.util.ArrayList.forEach(ArrayList.java:1511)
... Removed 34 stack frames]]>
    </failure>
  </testcase> <!-- login -->
  <testcase classname="Testng.TestCase" name="close" time="0.314"/>
</testsuite> <!-- Test -->
